app/build/intermediates/manifest_merge_blame_file/debug/manifest-merger-blame-debug-report.txt
1<?xml version="1.0" encoding="utf-8"?>
2<manifest xmlns:android="http://schemas.android.com/apk/res/android"
3    package="com.taimwe.vpn"
4    android:versionCode="1"
5    android:versionName="1.0" >
6
7    <uses-sdk
8        android:minSdkVersion="26"
9        android:targetSdkVersion="34" />
10
11    <uses-permission android:name="android.permission.INTERNET" />
11-->src\main\AndroidManifest.xml:4:5-67
11-->src\main\AndroidManifest.xml:4:22-64
12    <uses-permission android:name="android.permission.ACCESS_NETWORK_STATE" />
12-->src\main\AndroidManifest.xml:5:5-79
12-->src\main\AndroidManifest.xml:5:22-76
13    <uses-permission android:name="android.permission.FOREGROUND_SERVICE" />
13-->src\main\AndroidManifest.xml:6:5-77
13-->src\main\AndroidManifest.xml:6:22-74
14    <uses-permission android:name="android.permission.FOREGROUND_SERVICE_DATA_SYNC" />
14-->src\main\AndroidManifest.xml:7:5-87
14-->src\main\AndroidManifest.xml:7:22-84
15    <uses-permission android:name="android.permission.POST_NOTIFICATIONS" />
15-->src\main\AndroidManifest.xml:8:5-77
15-->src\main\AndroidManifest.xml:8:22-74
16    <uses-permission android:name="android.permission.BIND_VPN_SERVICE" />
16-->src\main\AndroidManifest.xml:9:5-75
16-->src\main\AndroidManifest.xml:9:22-72
17
18    <permission
18-->[androidx.core:core:1.12.0] AndroidManifest.xml:22:5-24:47
19        android:name="com.taimwe.vpn.DYNAMIC_RECEIVER_NOT_EXPORTED_PERMISSION"
19-->[androidx.core:core:1.12.0] AndroidManifest.xml:23:9-81
20        android:protectionLevel="signature" />
20-->[androidx.core:core:1.12.0] AndroidManifest.xml:24:9-44
21
22    <uses-permission android:name="com.taimwe.vpn.DYNAMIC_RECEIVER_NOT_EXPORTED_PERMISSION" />
22-->[androidx.core:core:1.12.0] AndroidManifest.xml:26:5-97
22-->[androidx.core:core:1.12.0] AndroidManifest.xml:26:22-94
23    <uses-permission android:name="android.permission.CAMERA" /> <!-- Don't require camera, as this requires a rear camera. This allows it to work on the Nexus 7 -->
23-->[com.journeyapps:zxing-android-embedded:4.3.0] AndroidManifest.xml:22:5-65
23-->[com.journeyapps:zxing-android-embedded:4.3.0] AndroidManifest.xml:22:22-62
24    <uses-feature
24-->[com.journeyapps:zxing-android-embedded:4.3.0] AndroidManifest.xml:25:5-27:36
25        android:name="android.hardware.camera"
25-->[com.journeyapps:zxing-android-embedded:4.3.0] AndroidManifest.xml:26:9-47
26        android:required="false" />
26-->[com.journeyapps:zxing-android-embedded:4.3.0] AndroidManifest.xml:27:9-33
27    <uses-feature
27-->[com.journeyapps:zxing-android-embedded:4.3.0] AndroidManifest.xml:28:5-30:36
28        android:name="android.hardware.camera.front"
28-->[com.journeyapps:zxing-android-embedded:4.3.0] AndroidManifest.xml:29:9-53
29        android:required="false" /> <!-- TODO replace above two with next line after Android 4.2 -->
29-->[com.journeyapps:zxing-android-embedded:4.3.0] AndroidManifest.xml:30:9-33
30    <!-- <uses-feature android:name="android.hardware.camera.any"/> -->
31    <uses-feature
31-->[com.journeyapps:zxing-android-embedded:4.3.0] AndroidManifest.xml:33:5-35:36
32        android:name="android.hardware.camera.autofocus"
32-->[com.journeyapps:zxing-android-embedded:4.3.0] AndroidManifest.xml:34:9-57
33        android:required="false" />
33-->[com.journeyapps:zxing-android-embedded:4.3.0] AndroidManifest.xml:35:9-33
34    <uses-feature
34-->[com.journeyapps:zxing-android-embedded:4.3.0] AndroidManifest.xml:36:5-38:36
35        android:name="android.hardware.camera.flash"
35-->[com.journeyapps:zxing-android-embedded:4.3.0] AndroidManifest.xml:37:9-53
36        android:required="false" />
36-->[com.journeyapps:zxing-android-embedded:4.3.0] AndroidManifest.xml:38:9-33
37    <uses-feature
37-->[com.journeyapps:zxing-android-embedded:4.3.0] AndroidManifest.xml:39:5-41:36
38        android:name="android.hardware.screen.landscape"
38-->[com.journeyapps:zxing-android-embedded:4.3.0] AndroidManifest.xml:40:9-57
39        android:required="false" />
39-->[com.journeyapps:zxing-android-embedded:4.3.0] AndroidManifest.xml:41:9-33
40    <uses-feature
40-->[com.journeyapps:zxing-android-embedded:4.3.0] AndroidManifest.xml:42:5-44:36
41        android:name="android.hardware.wifi"
41-->[com.journeyapps:zxing-android-embedded:4.3.0] AndroidManifest.xml:43:9-45
42        android:required="false" />
42-->[com.journeyapps:zxing-android-embedded:4.3.0] AndroidManifest.xml:44:9-33
43
44    <application
44-->src\main\AndroidManifest.xml:11:5-58:19
45        android:allowBackup="true"
45-->src\main\AndroidManifest.xml:12:9-35
46        android:appComponentFactory="androidx.core.app.CoreComponentFactory"
46-->[androidx.core:core:1.12.0] AndroidManifest.xml:28:18-86
47        android:dataExtractionRules="@xml/data_extraction_rules"
47-->src\main\AndroidManifest.xml:13:9-65
48        android:debuggable="true"
49        android:extractNativeLibs="false"
50        android:fullBackupContent="@xml/backup_rules"
50-->src\main\AndroidManifest.xml:14:9-54
51        android:icon="@android:drawable/ic_lock_lock"
51-->src\main\AndroidManifest.xml:15:9-54
52        android:label="@string/app_name"
52-->src\main\AndroidManifest.xml:16:9-41
53        android:roundIcon="@android:drawable/ic_lock_lock"
53-->src\main\AndroidManifest.xml:17:9-59
54        android:supportsRtl="true"
54-->src\main\AndroidManifest.xml:18:9-35
55        android:theme="@style/Theme.VpnApp" >
55-->src\main\AndroidManifest.xml:19:9-44
56        <activity
56-->src\main\AndroidManifest.xml:20:9-23:51
57            android:name="com.taimwe.vpn.ConnectionHistoryActivity"
57-->src\main\AndroidManifest.xml:21:13-54
58            android:exported="true"
58-->src\main\AndroidManifest.xml:22:13-36
59            android:theme="@style/Theme.VpnApp" />
59-->src\main\AndroidManifest.xml:23:13-48
60        <activity
60-->src\main\AndroidManifest.xml:25:9-28:51
61            android:name="com.taimwe.vpn.SettingsActivity"
61-->src\main\AndroidManifest.xml:26:13-45
62            android:exported="true"
62-->src\main\AndroidManifest.xml:27:13-36
63            android:theme="@style/Theme.VpnApp" />
63-->src\main\AndroidManifest.xml:28:13-48
64        <activity
64-->src\main\AndroidManifest.xml:30:9-33:51
65            android:name="com.taimwe.vpn.QrScannerActivity"
65-->src\main\AndroidManifest.xml:31:13-46
66            android:exported="true"
66-->src\main\AndroidManifest.xml:32:13-36
67            android:theme="@style/Theme.VpnApp" />
67-->src\main\AndroidManifest.xml:33:13-48
68        <activity
68-->src\main\AndroidManifest.xml:35:9-38:51
69            android:name="com.taimwe.vpn.ImportConfigActivity"
69-->src\main\AndroidManifest.xml:36:13-49
70            android:exported="true"
70-->src\main\AndroidManifest.xml:37:13-36
71            android:theme="@style/Theme.VpnApp" />
71-->src\main\AndroidManifest.xml:38:13-48
72        <activity
72-->src\main\AndroidManifest.xml:40:9-48:20
73            android:name="com.taimwe.vpn.MainActivity"
73-->src\main\AndroidManifest.xml:41:13-41
74            android:exported="true"
74-->src\main\AndroidManifest.xml:42:13-36
75            android:theme="@style/Theme.VpnApp" >
75-->src\main\AndroidManifest.xml:43:13-48
76            <intent-filter>
76-->src\main\AndroidManifest.xml:44:13-47:29
77                <action android:name="android.intent.action.MAIN" />
77-->src\main\AndroidManifest.xml:45:17-69
77-->src\main\AndroidManifest.xml:45:25-66
78
79                <category android:name="android.intent.category.LAUNCHER" />
79-->src\main\AndroidManifest.xml:46:17-77
79-->src\main\AndroidManifest.xml:46:27-74
80            </intent-filter>
81        </activity>
82
83        <service
83-->src\main\AndroidManifest.xml:50:9-57:19
84            android:name="com.taimwe.vpn.VpnService"
84-->src\main\AndroidManifest.xml:51:13-39
85            android:exported="true"
85-->src\main\AndroidManifest.xml:53:13-36
86            android:permission="android.permission.BIND_VPN_SERVICE" >
86-->src\main\AndroidManifest.xml:52:13-69
87            <intent-filter>
87-->src\main\AndroidManifest.xml:54:13-56:29
88                <action android:name="android.net.VpnService" />
88-->src\main\AndroidManifest.xml:55:17-65
88-->src\main\AndroidManifest.xml:55:25-62
89            </intent-filter>
90        </service>
91        <service
91-->[androidx.camera:camera-camera2:1.3.0] AndroidManifest.xml:24:9-33:19
92            android:name="androidx.camera.core.impl.MetadataHolderService"
92-->[androidx.camera:camera-camera2:1.3.0] AndroidManifest.xml:25:13-75
93            android:enabled="false"
93-->[androidx.camera:camera-camera2:1.3.0] AndroidManifest.xml:26:13-36
94            android:exported="false" >
94-->[androidx.camera:camera-camera2:1.3.0] AndroidManifest.xml:27:13-37
95            <meta-data
95-->[androidx.camera:camera-camera2:1.3.0] AndroidManifest.xml:30:13-32:89
96                android:name="androidx.camera.core.impl.MetadataHolderService.DEFAULT_CONFIG_PROVIDER"
96-->[androidx.camera:camera-camera2:1.3.0] AndroidManifest.xml:31:17-103
97                android:value="androidx.camera.camera2.Camera2Config$DefaultProvider" />
97-->[androidx.camera:camera-camera2:1.3.0] AndroidManifest.xml:32:17-86
98        </service>
99
100        <activity
100-->[androidx.compose.ui:ui-tooling-android:1.5.4] AndroidManifest.xml:23:9-25:39
101            android:name="androidx.compose.ui.tooling.PreviewActivity"
101-->[androidx.compose.ui:ui-tooling-android:1.5.4] AndroidManifest.xml:24:13-71
102            android:exported="true" />
102-->[androidx.compose.ui:ui-tooling-android:1.5.4] AndroidManifest.xml:25:13-36
103
104        <provider
104-->[androidx.emoji2:emoji2:1.4.0] AndroidManifest.xml:24:9-32:20
105            android:name="androidx.startup.InitializationProvider"
105-->[androidx.emoji2:emoji2:1.4.0] AndroidManifest.xml:25:13-67
106            android:authorities="com.taimwe.vpn.androidx-startup"
106-->[androidx.emoji2:emoji2:1.4.0] AndroidManifest.xml:26:13-68
107            android:exported="false" >
107-->[androidx.emoji2:emoji2:1.4.0] AndroidManifest.xml:27:13-37
108            <meta-data
108-->[androidx.emoji2:emoji2:1.4.0] AndroidManifest.xml:29:13-31:52
109                android:name="androidx.emoji2.text.EmojiCompatInitializer"
109-->[androidx.emoji2:emoji2:1.4.0] AndroidManifest.xml:30:17-75
110                android:value="androidx.startup" />
110-->[androidx.emoji2:emoji2:1.4.0] AndroidManifest.xml:31:17-49
111            <meta-data
111-->[androidx.lifecycle:lifecycle-process:2.6.2] AndroidManifest.xml:29:13-31:52
112                android:name="androidx.lifecycle.ProcessLifecycleInitializer"
112-->[androidx.lifecycle:lifecycle-process:2.6.2] AndroidManifest.xml:30:17-78
113                android:value="androidx.startup" />
113-->[androidx.lifecycle:lifecycle-process:2.6.2] AndroidManifest.xml:31:17-49
114            <meta-data
114-->[androidx.profileinstaller:profileinstaller:1.3.0] AndroidManifest.xml:29:13-31:52
115                android:name="androidx.profileinstaller.ProfileInstallerInitializer"
115-->[androidx.profileinstaller:profileinstaller:1.3.0] AndroidManifest.xml:30:17-85
116                android:value="androidx.startup" />
116-->[androidx.profileinstaller:profileinstaller:1.3.0] AndroidManifest.xml:31:17-49
117        </provider>
118
119        <receiver
119-->[androidx.profileinstaller:profileinstaller:1.3.0] AndroidManifest.xml:34:9-52:20
120            android:name="androidx.profileinstaller.ProfileInstallReceiver"
120-->[androidx.profileinstaller:profileinstaller:1.3.0] AndroidManifest.xml:35:13-76
121            android:directBootAware="false"
121-->[androidx.profileinstaller:profileinstaller:1.3.0] AndroidManifest.xml:36:13-44
122            android:enabled="true"
122-->[androidx.profileinstaller:profileinstaller:1.3.0] AndroidManifest.xml:37:13-35
123            android:exported="true"
123-->[androidx.profileinstaller:profileinstaller:1.3.0] AndroidManifest.xml:38:13-36
124            android:permission="android.permission.DUMP" >
124-->[androidx.profileinstaller:profileinstaller:1.3.0] AndroidManifest.xml:39:13-57
125            <intent-filter>
125-->[androidx.profileinstaller:profileinstaller:1.3.0] AndroidManifest.xml:40:13-42:29
126                <action android:name="androidx.profileinstaller.action.INSTALL_PROFILE" />
126-->[androidx.profileinstaller:profileinstaller:1.3.0] AndroidManifest.xml:41:17-91
126-->[androidx.profileinstaller:profileinstaller:1.3.0] AndroidManifest.xml:41:25-88
127            </intent-filter>
128            <intent-filter>
128-->[androidx.profileinstaller:profileinstaller:1.3.0] AndroidManifest.xml:43:13-45:29
129                <action android:name="androidx.profileinstaller.action.SKIP_FILE" />
129-->[androidx.profileinstaller:profileinstaller:1.3.0] AndroidManifest.xml:44:17-85
129-->[androidx.profileinstaller:profileinstaller:1.3.0] AndroidManifest.xml:44:25-82
130            </intent-filter>
131            <intent-filter>
131-->[androidx.profileinstaller:profileinstaller:1.3.0] AndroidManifest.xml:46:13-48:29
132                <action android:name="androidx.profileinstaller.action.SAVE_PROFILE" />
132-->[androidx.profileinstaller:profileinstaller:1.3.0] AndroidManifest.xml:47:17-88
132-->[androidx.profileinstaller:profileinstaller:1.3.0] AndroidManifest.xml:47:25-85
133            </intent-filter>
134            <intent-filter>
134-->[androidx.profileinstaller:profileinstaller:1.3.0] AndroidManifest.xml:49:13-51:29
135                <action android:name="androidx.profileinstaller.action.BENCHMARK_OPERATION" />
135-->[androidx.profileinstaller:profileinstaller:1.3.0] AndroidManifest.xml:50:17-95
135-->[androidx.profileinstaller:profileinstaller:1.3.0] AndroidManifest.xml:50:25-92
136            </intent-filter>
137        </receiver>
138
139        <activity
139-->[com.journeyapps:zxing-android-embedded:4.3.0] AndroidManifest.xml:47:9-53:63
140            android:name="com.journeyapps.barcodescanner.CaptureActivity"
140-->[com.journeyapps:zxing-android-embedded:4.3.0] AndroidManifest.xml:48:13-74
141            android:clearTaskOnLaunch="true"
141-->[com.journeyapps:zxing-android-embedded:4.3.0] AndroidManifest.xml:49:13-45
142            android:screenOrientation="sensorLandscape"
142-->[com.journeyapps:zxing-android-embedded:4.3.0] AndroidManifest.xml:50:13-56
143            android:stateNotNeeded="true"
143-->[com.journeyapps:zxing-android-embedded:4.3.0] AndroidManifest.xml:51:13-42
144            android:theme="@style/zxing_CaptureTheme"
144-->[com.journeyapps:zxing-android-embedded:4.3.0] AndroidManifest.xml:52:13-54
145            android:windowSoftInputMode="stateAlwaysHidden" />
145-->[com.journeyapps:zxing-android-embedded:4.3.0] AndroidManifest.xml:53:13-60
146    </application>
147
148</manifest>